mode: atomic
github.com/lightningnetwork/lnd/kvdb/backend.go:36.35,37.41 1 0
github.com/lightningnetwork/lnd/kvdb/backend.go:37.41,38.25 1 0
github.com/lightningnetwork/lnd/kvdb/backend.go:38.25,40.4 1 0
github.com/lightningnetwork/lnd/kvdb/backend.go:43.2,43.13 1 0
github.com/lightningnetwork/lnd/kvdb/backend.go:84.62,88.29 2 0
github.com/lightningnetwork/lnd/kvdb/backend.go:88.29,89.30 1 0
github.com/lightningnetwork/lnd/kvdb/backend.go:89.30,90.56 1 0
github.com/lightningnetwork/lnd/kvdb/backend.go:90.56,92.5 1 0
github.com/lightningnetwork/lnd/kvdb/backend.go:95.3,98.4 1 0
github.com/lightningnetwork/lnd/kvdb/backend.go:103.2,103.21 1 0
github.com/lightningnetwork/lnd/kvdb/backend.go:103.21,104.45 1 0
github.com/lightningnetwork/lnd/kvdb/backend.go:104.45,106.4 1 0
github.com/lightningnetwork/lnd/kvdb/backend.go:109.2,112.3 1 0
github.com/lightningnetwork/lnd/kvdb/backend.go:118.51,122.22 2 0
github.com/lightningnetwork/lnd/kvdb/backend.go:122.22,124.3 1 0
github.com/lightningnetwork/lnd/kvdb/backend.go:125.2,131.16 4 0
github.com/lightningnetwork/lnd/kvdb/backend.go:131.16,134.3 1 0
github.com/lightningnetwork/lnd/kvdb/backend.go:135.2,136.71 2 0
github.com/lightningnetwork/lnd/kvdb/backend.go:136.71,142.3 2 0
github.com/lightningnetwork/lnd/kvdb/backend.go:144.2,148.53 2 0
github.com/lightningnetwork/lnd/kvdb/backend.go:148.53,153.17 3 0
github.com/lightningnetwork/lnd/kvdb/backend.go:153.17,156.4 1 0
github.com/lightningnetwork/lnd/kvdb/backend.go:161.2,162.16 2 0
github.com/lightningnetwork/lnd/kvdb/backend.go:162.16,164.3 1 0
github.com/lightningnetwork/lnd/kvdb/backend.go:165.2,165.41 1 0
github.com/lightningnetwork/lnd/kvdb/backend.go:165.41,167.3 1 0
github.com/lightningnetwork/lnd/kvdb/backend.go:171.2,171.15 1 0
github.com/lightningnetwork/lnd/kvdb/backend.go:171.15,176.3 1 0
github.com/lightningnetwork/lnd/kvdb/backend.go:177.2,183.16 3 0
github.com/lightningnetwork/lnd/kvdb/backend.go:183.16,185.3 1 0
github.com/lightningnetwork/lnd/kvdb/backend.go:187.2,197.16 3 0
github.com/lightningnetwork/lnd/kvdb/backend.go:197.16,201.3 1 0
github.com/lightningnetwork/lnd/kvdb/backend.go:203.2,209.52 2 0
github.com/lightningnetwork/lnd/kvdb/backend.go:216.59,220.25 3 0
github.com/lightningnetwork/lnd/kvdb/backend.go:220.25,222.3 1 0
github.com/lightningnetwork/lnd/kvdb/backend.go:224.2,225.16 2 0
github.com/lightningnetwork/lnd/kvdb/backend.go:225.16,227.3 1 0
github.com/lightningnetwork/lnd/kvdb/backend.go:229.2,230.41 2 0
github.com/lightningnetwork/lnd/kvdb/backend.go:236.52,242.2 4 0
github.com/lightningnetwork/lnd/kvdb/backend.go:250.65,251.18 1 0
github.com/lightningnetwork/lnd/kvdb/backend.go:251.19,251.20 0 0
github.com/lightningnetwork/lnd/kvdb/backend.go:256.2,256.9 1 0
github.com/lightningnetwork/lnd/kvdb/backend.go:257.23,264.17 4 0
github.com/lightningnetwork/lnd/kvdb/backend.go:264.17,265.23 1 0
github.com/lightningnetwork/lnd/kvdb/backend.go:265.24,265.25 0 0
github.com/lightningnetwork/lnd/kvdb/backend.go:267.3,267.25 1 0
github.com/lightningnetwork/lnd/kvdb/backend.go:267.25,269.4 1 0
github.com/lightningnetwork/lnd/kvdb/backend.go:271.19,273.17 2 0
github.com/lightningnetwork/lnd/kvdb/backend.go:273.17,275.4 1 0
github.com/lightningnetwork/lnd/kvdb/backend.go:276.3,279.30 2 0
github.com/lightningnetwork/lnd/kvdb/backend.go:281.21,287.17 4 0
github.com/lightningnetwork/lnd/kvdb/backend.go:287.17,289.4 1 0
github.com/lightningnetwork/lnd/kvdb/backend.go:291.3,291.27 1 0
github.com/lightningnetwork/lnd/kvdb/backend.go:291.27,293.4 1 0
github.com/lightningnetwork/lnd/kvdb/backend.go:295.10,303.17 2 0
github.com/lightningnetwork/lnd/kvdb/backend.go:303.17,305.4 1 0
github.com/lightningnetwork/lnd/kvdb/backend.go:306.3,306.24 1 0
github.com/lightningnetwork/lnd/kvdb/bolt_compact.go:53.55,54.24 1 0
github.com/lightningnetwork/lnd/kvdb/bolt_compact.go:54.24,56.3 1 0
github.com/lightningnetwork/lnd/kvdb/bolt_compact.go:59.2,60.16 2 0
github.com/lightningnetwork/lnd/kvdb/bolt_compact.go:60.16,63.3 1 0
github.com/lightningnetwork/lnd/kvdb/bolt_compact.go:64.2,73.16 5 0
github.com/lightningnetwork/lnd/kvdb/bolt_compact.go:73.16,76.3 1 0
github.com/lightningnetwork/lnd/kvdb/bolt_compact.go:77.2,79.36 2 0
github.com/lightningnetwork/lnd/kvdb/bolt_compact.go:79.36,84.3 1 0
github.com/lightningnetwork/lnd/kvdb/bolt_compact.go:88.2,92.16 2 0
github.com/lightningnetwork/lnd/kvdb/bolt_compact.go:92.16,95.3 1 0
github.com/lightningnetwork/lnd/kvdb/bolt_compact.go:96.2,96.15 1 0
github.com/lightningnetwork/lnd/kvdb/bolt_compact.go:96.15,97.37 1 0
github.com/lightningnetwork/lnd/kvdb/bolt_compact.go:97.37,99.4 1 0
github.com/lightningnetwork/lnd/kvdb/bolt_compact.go:103.2,106.16 2 0
github.com/lightningnetwork/lnd/kvdb/bolt_compact.go:106.16,109.3 1 0
github.com/lightningnetwork/lnd/kvdb/bolt_compact.go:110.2,110.15 1 0
github.com/lightningnetwork/lnd/kvdb/bolt_compact.go:110.15,111.37 1 0
github.com/lightningnetwork/lnd/kvdb/bolt_compact.go:111.37,113.4 1 0
github.com/lightningnetwork/lnd/kvdb/bolt_compact.go:117.2,117.46 1 0
github.com/lightningnetwork/lnd/kvdb/bolt_compact.go:117.46,119.3 1 0
github.com/lightningnetwork/lnd/kvdb/bolt_compact.go:122.2,123.16 2 0
github.com/lightningnetwork/lnd/kvdb/bolt_compact.go:123.16,126.3 1 0
github.com/lightningnetwork/lnd/kvdb/bolt_compact.go:126.8,126.27 1 0
github.com/lightningnetwork/lnd/kvdb/bolt_compact.go:126.27,128.3 1 0
github.com/lightningnetwork/lnd/kvdb/bolt_compact.go:130.2,130.36 1 0
github.com/lightningnetwork/lnd/kvdb/bolt_compact.go:135.57,140.16 3 0
github.com/lightningnetwork/lnd/kvdb/bolt_compact.go:140.16,142.3 1 0
github.com/lightningnetwork/lnd/kvdb/bolt_compact.go:143.2,143.15 1 0
github.com/lightningnetwork/lnd/kvdb/bolt_compact.go:143.15,145.3 1 0
github.com/lightningnetwork/lnd/kvdb/bolt_compact.go:147.2,147.77 1 0
github.com/lightningnetwork/lnd/kvdb/bolt_compact.go:147.77,150.52 2 0
github.com/lightningnetwork/lnd/kvdb/bolt_compact.go:150.52,152.38 1 0
github.com/lightningnetwork/lnd/kvdb/bolt_compact.go:152.38,154.5 1 0
github.com/lightningnetwork/lnd/kvdb/bolt_compact.go:157.4,158.18 2 0
github.com/lightningnetwork/lnd/kvdb/bolt_compact.go:158.18,160.5 1 0
github.com/lightningnetwork/lnd/kvdb/bolt_compact.go:161.4,161.12 1 0
github.com/lightningnetwork/lnd/kvdb/bolt_compact.go:163.3,168.14 3 0
github.com/lightningnetwork/lnd/kvdb/bolt_compact.go:168.14,170.18 2 0
github.com/lightningnetwork/lnd/kvdb/bolt_compact.go:170.18,172.5 1 0
github.com/lightningnetwork/lnd/kvdb/bolt_compact.go:173.4,173.47 1 0
github.com/lightningnetwork/lnd/kvdb/bolt_compact.go:173.47,175.5 1 0
github.com/lightningnetwork/lnd/kvdb/bolt_compact.go:176.4,176.14 1 0
github.com/lightningnetwork/lnd/kvdb/bolt_compact.go:180.3,181.13 2 0
github.com/lightningnetwork/lnd/kvdb/bolt_compact.go:181.13,182.31 1 0
github.com/lightningnetwork/lnd/kvdb/bolt_compact.go:182.31,184.5 1 0
github.com/lightningnetwork/lnd/kvdb/bolt_compact.go:188.3,191.15 2 0
github.com/lightningnetwork/lnd/kvdb/bolt_compact.go:191.15,193.18 2 0
github.com/lightningnetwork/lnd/kvdb/bolt_compact.go:193.18,195.5 1 0
github.com/lightningnetwork/lnd/kvdb/bolt_compact.go:196.4,196.47 1 0
github.com/lightningnetwork/lnd/kvdb/bolt_compact.go:196.47,198.5 1 0
github.com/lightningnetwork/lnd/kvdb/bolt_compact.go:199.4,199.14 1 0
github.com/lightningnetwork/lnd/kvdb/bolt_compact.go:203.3,203.21 1 0
github.com/lightningnetwork/lnd/kvdb/bolt_compact.go:204.17,206.3 1 0
github.com/lightningnetwork/lnd/kvdb/bolt_compact.go:208.2,208.20 1 0
github.com/lightningnetwork/lnd/kvdb/bolt_compact.go:218.65,219.42 1 0
github.com/lightningnetwork/lnd/kvdb/bolt_compact.go:219.42,220.62 1 0
github.com/lightningnetwork/lnd/kvdb/bolt_compact.go:220.62,229.4 2 0
github.com/lightningnetwork/lnd/kvdb/bolt_compact.go:234.41,236.29 2 0
github.com/lightningnetwork/lnd/kvdb/bolt_compact.go:236.29,238.3 1 0
github.com/lightningnetwork/lnd/kvdb/bolt_compact.go:240.2,240.15 1 0
github.com/lightningnetwork/lnd/kvdb/bolt_compact.go:245.37,246.22 1 0
github.com/lightningnetwork/lnd/kvdb/bolt_compact.go:246.22,248.52 1 0
github.com/lightningnetwork/lnd/kvdb/bolt_compact.go:248.52,251.4 1 0
github.com/lightningnetwork/lnd/kvdb/bolt_compact.go:254.2,254.14 1 0
github.com/lightningnetwork/lnd/kvdb/bolt_compact.go:259.33,262.47 1 0
github.com/lightningnetwork/lnd/kvdb/bolt_compact.go:262.47,264.3 1 0
github.com/lightningnetwork/lnd/kvdb/bolt_compact.go:267.2,267.14 1 0
github.com/lightningnetwork/lnd/kvdb/bolt_compact.go:267.14,269.3 1 0
github.com/lightningnetwork/lnd/kvdb/bolt_compact.go:272.2,273.43 2 0
github.com/lightningnetwork/lnd/kvdb/bolt_compact.go:273.43,274.15 1 0
github.com/lightningnetwork/lnd/kvdb/bolt_compact.go:274.15,279.4 2 0
github.com/lightningnetwork/lnd/kvdb/bolt_compact.go:280.3,280.60 1 0
github.com/lightningnetwork/lnd/kvdb/bolt_fixture.go:16.48,21.2 1 0
github.com/lightningnetwork/lnd/kvdb/bolt_fixture.go:23.48,36.2 4 0
github.com/lightningnetwork/lnd/kvdb/interface.go:15.68,17.2 1 0
github.com/lightningnetwork/lnd/kvdb/interface.go:26.65,28.2 1 0
github.com/lightningnetwork/lnd/kvdb/interface.go:35.53,38.41 1 0
github.com/lightningnetwork/lnd/kvdb/interface.go:38.41,41.30 1 0
github.com/lightningnetwork/lnd/kvdb/interface.go:41.31,41.32 0 0
github.com/lightningnetwork/lnd/kvdb/interface.go:44.2,44.30 1 0
github.com/lightningnetwork/lnd/kvdb/interface.go:122.45,123.43 1 0
github.com/lightningnetwork/lnd/kvdb/interface.go:123.43,125.3 1 0
github.com/lightningnetwork/lnd/kvdb/interface.go:130.58,131.43 1 0
github.com/lightningnetwork/lnd/kvdb/interface.go:131.43,133.3 1 0
github.com/lightningnetwork/lnd/kvdb/interface.go:135.2,135.22 1 0
github.com/lightningnetwork/lnd/kvdb/interface.go:140.32,141.35 1 0
github.com/lightningnetwork/lnd/kvdb/interface.go:141.35,143.3 1 0
github.com/lightningnetwork/lnd/kvdb/interface.go:145.2,145.12 1 0
github.com/lightningnetwork/lnd/kvdb/kvdb_no_etcd.go:20.48,22.21 1 0
github.com/lightningnetwork/lnd/kvdb/kvdb_no_etcd.go:22.22,22.23 0 0
github.com/lightningnetwork/lnd/kvdb/kvdb_no_postgres.go:14.66,16.2 1 0
github.com/lightningnetwork/lnd/kvdb/kvdb_no_postgres.go:18.52,20.2 1 0
github.com/lightningnetwork/lnd/kvdb/kvdb_no_sqlite.go:23.76,25.2 1 0
github.com/lightningnetwork/lnd/kvdb/log.go:13.38,17.2 2 0
github.com/lightningnetwork/lnd/kvdb/test.go:8.30,9.50 1 0
github.com/lightningnetwork/lnd/kvdb/test.go:9.50,11.3 1 0
github.com/lightningnetwork/lnd/kvdb/test.go:13.2,13.10 1 0
github.com/lightningnetwork/lnd/kvdb/test_utils.go:11.29,13.21 2 0
github.com/lightningnetwork/lnd/kvdb/test_utils.go:13.21,16.17 3 0
github.com/lightningnetwork/lnd/kvdb/test_utils.go:16.17,19.4 2 0
github.com/lightningnetwork/lnd/kvdb/test_utils.go:23.2,25.18 2 0
github.com/lightningnetwork/lnd/kvdb/test_utils.go:25.18,27.17 2 0
github.com/lightningnetwork/lnd/kvdb/test_utils.go:27.17,29.4 1 0
github.com/lightningnetwork/lnd/kvdb/test_utils.go:32.2,32.15 1 0
github.com/lightningnetwork/lnd/kvdb/etcd/config.go:45.69,47.18 2 0
github.com/lightningnetwork/lnd/kvdb/etcd/config.go:47.18,49.3 1 0
github.com/lightningnetwork/lnd/kvdb/etcd/config.go:49.8,51.3 1 0
github.com/lightningnetwork/lnd/kvdb/etcd/config.go:53.2,68.3 1 0
github.com/lightningnetwork/lnd/kvdb/etcd/config.go:73.50,90.2 1 0
github.com/lightningnetwork/lnd/kvdb/sqlbase/db_conn_set.go:27.50,32.2 1 0
github.com/lightningnetwork/lnd/kvdb/sqlbase/db_conn_set.go:36.63,40.37 3 0
github.com/lightningnetwork/lnd/kvdb/sqlbase/db_conn_set.go:40.37,44.3 2 0
github.com/lightningnetwork/lnd/kvdb/sqlbase/db_conn_set.go:46.2,47.16 2 0
github.com/lightningnetwork/lnd/kvdb/sqlbase/db_conn_set.go:47.16,49.3 1 0
github.com/lightningnetwork/lnd/kvdb/sqlbase/db_conn_set.go:55.2,55.27 1 0
github.com/lightningnetwork/lnd/kvdb/sqlbase/db_conn_set.go:55.27,57.3 1 0
github.com/lightningnetwork/lnd/kvdb/sqlbase/db_conn_set.go:59.2,64.16 2 0
github.com/lightningnetwork/lnd/kvdb/sqlbase/db_conn_set.go:69.45,74.9 4 0
github.com/lightningnetwork/lnd/kvdb/sqlbase/db_conn_set.go:74.9,76.3 1 0
github.com/lightningnetwork/lnd/kvdb/sqlbase/db_conn_set.go:79.2,82.22 2 0
github.com/lightningnetwork/lnd/kvdb/sqlbase/db_conn_set.go:82.22,84.3 1 0
github.com/lightningnetwork/lnd/kvdb/sqlbase/db_conn_set.go:87.2,89.26 2 0
github.com/lightningnetwork/lnd/kvdb/sqlbase/log.go:10.38,12.2 1 0
github.com/lightningnetwork/lnd/kvdb/sqlbase/no_sql.go:5.32,5.33 0 0
github.com/lightningnetwork/lnd/macaroons/auth.go:17.61,19.2 1 0
github.com/lightningnetwork/lnd/macaroons/auth.go:26.44,29.16 2 0
github.com/lightningnetwork/lnd/macaroons/auth.go:29.16,31.3 1 0
github.com/lightningnetwork/lnd/macaroons/auth.go:33.2,35.16 3 0
github.com/lightningnetwork/lnd/macaroons/auth.go:40.78,48.16 4 0
github.com/lightningnetwork/lnd/macaroons/auth.go:48.16,50.3 1 0
github.com/lightningnetwork/lnd/macaroons/auth.go:52.2,52.16 1 0
github.com/lightningnetwork/lnd/macaroons/bake.go:25.9,27.40 1 0
github.com/lightningnetwork/lnd/macaroons/bake.go:27.40,29.3 1 0
github.com/lightningnetwork/lnd/macaroons/bake.go:31.2,31.23 1 0
github.com/lightningnetwork/lnd/macaroons/bake.go:37.9,40.2 1 0
github.com/lightningnetwork/lnd/macaroons/bake.go:45.55,47.32 1 0
github.com/lightningnetwork/lnd/macaroons/bake.go:47.32,50.3 1 0
github.com/lightningnetwork/lnd/macaroons/bake.go:52.2,57.16 3 0
github.com/lightningnetwork/lnd/macaroons/bake.go:57.16,59.3 1 0
github.com/lightningnetwork/lnd/macaroons/bake.go:61.2,63.16 3 0
github.com/lightningnetwork/lnd/macaroons/bake.go:63.16,65.3 1 0
github.com/lightningnetwork/lnd/macaroons/bake.go:67.2,67.21 1 0
github.com/lightningnetwork/lnd/macaroons/constraints.go:55.48,61.16 2 0
github.com/lightningnetwork/lnd/macaroons/constraints.go:61.16,63.3 1 0
github.com/lightningnetwork/lnd/macaroons/constraints.go:65.2,65.32 1 0
github.com/lightningnetwork/lnd/macaroons/constraints.go:65.32,66.44 1 0
github.com/lightningnetwork/lnd/macaroons/constraints.go:66.44,68.4 1 0
github.com/lightningnetwork/lnd/macaroons/constraints.go:70.2,70.20 1 0
github.com/lightningnetwork/lnd/macaroons/constraints.go:79.70,80.44 1 0
github.com/lightningnetwork/lnd/macaroons/constraints.go:80.44,85.3 4 0
github.com/lightningnetwork/lnd/macaroons/constraints.go:91.69,92.44 1 0
github.com/lightningnetwork/lnd/macaroons/constraints.go:92.44,93.19 1 0
github.com/lightningnetwork/lnd/macaroons/constraints.go:93.19,95.29 2 0
github.com/lightningnetwork/lnd/macaroons/constraints.go:95.29,98.5 1 0
github.com/lightningnetwork/lnd/macaroons/constraints.go:99.4,102.50 2 0
github.com/lightningnetwork/lnd/macaroons/constraints.go:105.3,105.13 1 0
github.com/lightningnetwork/lnd/macaroons/constraints.go:112.75,113.44 1 0
github.com/lightningnetwork/lnd/macaroons/constraints.go:113.44,114.20 1 0
github.com/lightningnetwork/lnd/macaroons/constraints.go:114.20,116.18 2 0
github.com/lightningnetwork/lnd/macaroons/constraints.go:116.18,119.5 1 0
github.com/lightningnetwork/lnd/macaroons/constraints.go:120.4,124.50 2 0
github.com/lightningnetwork/lnd/macaroons/constraints.go:127.3,127.13 1 0
github.com/lightningnetwork/lnd/macaroons/constraints.go:133.46,134.69 1 0
github.com/lightningnetwork/lnd/macaroons/constraints.go:134.69,138.10 2 0
github.com/lightningnetwork/lnd/macaroons/constraints.go:138.10,140.4 1 0
github.com/lightningnetwork/lnd/macaroons/constraints.go:141.3,142.17 2 0
github.com/lightningnetwork/lnd/macaroons/constraints.go:142.17,144.4 1 0
github.com/lightningnetwork/lnd/macaroons/constraints.go:146.3,146.53 1 0
github.com/lightningnetwork/lnd/macaroons/constraints.go:146.53,149.4 2 0
github.com/lightningnetwork/lnd/macaroons/constraints.go:150.3,150.13 1 0
github.com/lightningnetwork/lnd/macaroons/constraints.go:157.51,158.72 1 0
github.com/lightningnetwork/lnd/macaroons/constraints.go:158.72,162.10 2 0
github.com/lightningnetwork/lnd/macaroons/constraints.go:162.10,165.4 1 0
github.com/lightningnetwork/lnd/macaroons/constraints.go:166.3,167.17 2 0
github.com/lightningnetwork/lnd/macaroons/constraints.go:167.17,170.4 1 0
github.com/lightningnetwork/lnd/macaroons/constraints.go:172.3,173.17 2 0
github.com/lightningnetwork/lnd/macaroons/constraints.go:173.17,176.4 1 0
github.com/lightningnetwork/lnd/macaroons/constraints.go:178.3,178.45 1 0
github.com/lightningnetwork/lnd/macaroons/constraints.go:178.45,181.4 1 0
github.com/lightningnetwork/lnd/macaroons/constraints.go:183.3,183.13 1 0
github.com/lightningnetwork/lnd/macaroons/constraints.go:189.78,190.44 1 0
github.com/lightningnetwork/lnd/macaroons/constraints.go:190.44,193.17 1 0
github.com/lightningnetwork/lnd/macaroons/constraints.go:193.17,195.4 1 0
github.com/lightningnetwork/lnd/macaroons/constraints.go:198.3,199.22 2 0
github.com/lightningnetwork/lnd/macaroons/constraints.go:199.22,201.4 1 0
github.com/lightningnetwork/lnd/macaroons/constraints.go:203.3,204.49 2 0
github.com/lightningnetwork/lnd/macaroons/constraints.go:216.59,237.69 1 0
github.com/lightningnetwork/lnd/macaroons/constraints.go:237.69,238.58 1 0
github.com/lightningnetwork/lnd/macaroons/constraints.go:238.58,241.4 1 0
github.com/lightningnetwork/lnd/macaroons/constraints.go:242.3,242.27 1 0
github.com/lightningnetwork/lnd/macaroons/constraints.go:242.27,245.4 1 0
github.com/lightningnetwork/lnd/macaroons/constraints.go:251.3,254.58 3 0
github.com/lightningnetwork/lnd/macaroons/constraints.go:257.2,257.40 1 0
github.com/lightningnetwork/lnd/macaroons/constraints.go:257.40,259.3 1 0
github.com/lightningnetwork/lnd/macaroons/constraints.go:264.76,265.16 1 0
github.com/lightningnetwork/lnd/macaroons/constraints.go:265.16,267.3 1 0
github.com/lightningnetwork/lnd/macaroons/constraints.go:269.2,272.39 2 0
github.com/lightningnetwork/lnd/macaroons/constraints.go:272.39,273.47 1 0
github.com/lightningnetwork/lnd/macaroons/constraints.go:273.47,275.4 1 0
github.com/lightningnetwork/lnd/macaroons/constraints.go:278.2,278.14 1 0
github.com/lightningnetwork/lnd/macaroons/constraints.go:284.34,286.16 1 0
github.com/lightningnetwork/lnd/macaroons/constraints.go:286.16,288.3 1 0
github.com/lightningnetwork/lnd/macaroons/constraints.go:290.2,293.39 2 0
github.com/lightningnetwork/lnd/macaroons/constraints.go:293.39,298.47 1 0
github.com/lightningnetwork/lnd/macaroons/constraints.go:298.47,304.29 2 0
github.com/lightningnetwork/lnd/macaroons/constraints.go:304.29,306.5 1 0
github.com/lightningnetwork/lnd/macaroons/constraints.go:311.2,311.11 1 0
github.com/lightningnetwork/lnd/macaroons/context.go:25.37,28.2 1 2
github.com/lightningnetwork/lnd/macaroons/context.go:32.64,34.9 2 0
github.com/lightningnetwork/lnd/macaroons/context.go:34.9,36.3 1 0
github.com/lightningnetwork/lnd/macaroons/context.go:39.2,39.18 1 0
github.com/lightningnetwork/lnd/macaroons/context.go:39.18,41.3 1 0
github.com/lightningnetwork/lnd/macaroons/context.go:43.2,43.16 1 0
github.com/lightningnetwork/lnd/macaroons/service.go:111.59,127.31 4 0
github.com/lightningnetwork/lnd/macaroons/service.go:127.31,129.35 2 0
github.com/lightningnetwork/lnd/macaroons/service.go:129.35,131.4 1 0
github.com/lightningnetwork/lnd/macaroons/service.go:134.2,139.8 1 0
github.com/lightningnetwork/lnd/macaroons/service.go:144.58,145.14 1 0
github.com/lightningnetwork/lnd/macaroons/service.go:145.14,147.3 1 0
github.com/lightningnetwork/lnd/macaroons/service.go:149.2,149.32 1 0
github.com/lightningnetwork/lnd/macaroons/service.go:149.32,152.28 1 0
github.com/lightningnetwork/lnd/macaroons/service.go:152.28,154.4 1 0
github.com/lightningnetwork/lnd/macaroons/service.go:157.2,157.14 1 0
github.com/lightningnetwork/lnd/macaroons/service.go:165.37,167.22 1 0
github.com/lightningnetwork/lnd/macaroons/service.go:167.22,169.3 1 0
github.com/lightningnetwork/lnd/macaroons/service.go:171.2,172.8 2 0
github.com/lightningnetwork/lnd/macaroons/service.go:172.8,175.3 1 0
github.com/lightningnetwork/lnd/macaroons/service.go:177.2,178.12 2 0
github.com/lightningnetwork/lnd/macaroons/service.go:186.60,190.16 2 0
github.com/lightningnetwork/lnd/macaroons/service.go:190.16,192.3 1 0
github.com/lightningnetwork/lnd/macaroons/service.go:195.2,196.16 2 0
github.com/lightningnetwork/lnd/macaroons/service.go:196.16,198.3 1 0
github.com/lightningnetwork/lnd/macaroons/service.go:200.2,202.3 1 0
github.com/lightningnetwork/lnd/macaroons/service.go:208.60,214.16 3 0
github.com/lightningnetwork/lnd/macaroons/service.go:214.16,216.3 1 0
github.com/lightningnetwork/lnd/macaroons/service.go:221.2,221.34 1 0
github.com/lightningnetwork/lnd/macaroons/service.go:221.34,224.3 1 0
github.com/lightningnetwork/lnd/macaroons/service.go:227.2,228.33 2 0
github.com/lightningnetwork/lnd/macaroons/service.go:228.33,230.3 1 0
github.com/lightningnetwork/lnd/macaroons/service.go:231.2,231.42 1 0
github.com/lightningnetwork/lnd/macaroons/service.go:231.42,233.3 1 0
github.com/lightningnetwork/lnd/macaroons/service.go:237.2,242.16 3 0
github.com/lightningnetwork/lnd/macaroons/service.go:242.16,244.3 1 0
github.com/lightningnetwork/lnd/macaroons/service.go:249.2,253.12 2 0
github.com/lightningnetwork/lnd/macaroons/service.go:258.35,259.55 1 0
github.com/lightningnetwork/lnd/macaroons/service.go:259.55,261.3 1 0
github.com/lightningnetwork/lnd/macaroons/service.go:263.2,263.12 1 0
github.com/lightningnetwork/lnd/macaroons/service.go:268.58,269.55 1 0
github.com/lightningnetwork/lnd/macaroons/service.go:269.55,271.3 1 0
github.com/lightningnetwork/lnd/macaroons/service.go:273.2,273.12 1 0
github.com/lightningnetwork/lnd/macaroons/service.go:285.46,290.25 1 0
github.com/lightningnetwork/lnd/macaroons/service.go:290.25,292.3 1 0
github.com/lightningnetwork/lnd/macaroons/service.go:295.2,297.69 2 0
github.com/lightningnetwork/lnd/macaroons/service.go:302.77,303.55 1 0
github.com/lightningnetwork/lnd/macaroons/service.go:303.55,305.3 1 0
github.com/lightningnetwork/lnd/macaroons/service.go:307.2,307.17 1 0
github.com/lightningnetwork/lnd/macaroons/service.go:313.36,315.55 1 0
github.com/lightningnetwork/lnd/macaroons/service.go:315.55,317.3 1 0
github.com/lightningnetwork/lnd/macaroons/service.go:319.2,319.17 1 0
github.com/lightningnetwork/lnd/macaroons/service.go:324.48,325.55 1 0
github.com/lightningnetwork/lnd/macaroons/service.go:325.55,327.3 1 0
github.com/lightningnetwork/lnd/macaroons/service.go:329.2,329.12 1 0
github.com/lightningnetwork/lnd/macaroons/service.go:334.54,335.55 1 0
github.com/lightningnetwork/lnd/macaroons/service.go:335.55,337.3 1 0
github.com/lightningnetwork/lnd/macaroons/service.go:339.2,339.12 1 0
github.com/lightningnetwork/lnd/macaroons/service.go:344.63,345.55 1 0
github.com/lightningnetwork/lnd/macaroons/service.go:345.55,347.3 1 0
github.com/lightningnetwork/lnd/macaroons/service.go:349.2,349.12 1 0
github.com/lightningnetwork/lnd/macaroons/service.go:354.66,357.9 2 0
github.com/lightningnetwork/lnd/macaroons/service.go:357.9,359.3 1 0
github.com/lightningnetwork/lnd/macaroons/service.go:360.2,360.30 1 0
github.com/lightningnetwork/lnd/macaroons/service.go:360.30,363.3 1 0
github.com/lightningnetwork/lnd/macaroons/service.go:365.2,365.31 1 0
github.com/lightningnetwork/lnd/macaroons/service.go:372.75,374.16 2 0
github.com/lightningnetwork/lnd/macaroons/service.go:374.16,376.3 1 0
github.com/lightningnetwork/lnd/macaroons/service.go:378.2,379.57 2 0
github.com/lightningnetwork/lnd/macaroons/service.go:379.57,381.3 1 0
github.com/lightningnetwork/lnd/macaroons/service.go:383.2,383.20 1 0
github.com/lightningnetwork/lnd/macaroons/store.go:72.66,74.50 1 0
github.com/lightningnetwork/lnd/macaroons/store.go:74.50,77.3 2 0
github.com/lightningnetwork/lnd/macaroons/store.go:77.13,77.14 0 0
github.com/lightningnetwork/lnd/macaroons/store.go:78.2,78.16 1 0
github.com/lightningnetwork/lnd/macaroons/store.go:78.16,80.3 1 0
github.com/lightningnetwork/lnd/macaroons/store.go:83.2,86.8 1 0
github.com/lightningnetwork/lnd/macaroons/store.go:91.63,96.21 3 0
github.com/lightningnetwork/lnd/macaroons/store.go:96.21,98.3 1 0
github.com/lightningnetwork/lnd/macaroons/store.go:101.2,101.21 1 0
github.com/lightningnetwork/lnd/macaroons/store.go:101.21,103.3 1 0
github.com/lightningnetwork/lnd/macaroons/store.go:105.2,105.57 1 0
github.com/lightningnetwork/lnd/macaroons/store.go:105.57,107.20 2 0
github.com/lightningnetwork/lnd/macaroons/store.go:107.20,109.4 1 0
github.com/lightningnetwork/lnd/macaroons/store.go:110.3,111.21 2 0
github.com/lightningnetwork/lnd/macaroons/store.go:111.21,116.18 3 0
github.com/lightningnetwork/lnd/macaroons/store.go:116.18,118.5 1 0
github.com/lightningnetwork/lnd/macaroons/store.go:120.4,121.18 2 0
github.com/lightningnetwork/lnd/macaroons/store.go:121.18,123.5 1 0
github.com/lightningnetwork/lnd/macaroons/store.go:125.4,126.14 2 0
github.com/lightningnetwork/lnd/macaroons/store.go:130.3,133.17 2 0
github.com/lightningnetwork/lnd/macaroons/store.go:133.17,135.4 1 0
github.com/lightningnetwork/lnd/macaroons/store.go:137.3,138.17 2 0
github.com/lightningnetwork/lnd/macaroons/store.go:138.17,140.4 1 0
github.com/lightningnetwork/lnd/macaroons/store.go:142.3,143.13 2 0
github.com/lightningnetwork/lnd/macaroons/store.go:144.13,144.14 0 0
github.com/lightningnetwork/lnd/macaroons/store.go:149.68,152.21 1 0
github.com/lightningnetwork/lnd/macaroons/store.go:152.21,154.3 1 0
github.com/lightningnetwork/lnd/macaroons/store.go:157.2,157.34 1 0
github.com/lightningnetwork/lnd/macaroons/store.go:157.34,159.3 1 0
github.com/lightningnetwork/lnd/macaroons/store.go:161.2,161.57 1 0
github.com/lightningnetwork/lnd/macaroons/store.go:161.57,163.20 2 0
github.com/lightningnetwork/lnd/macaroons/store.go:163.20,165.4 1 0
github.com/lightningnetwork/lnd/macaroons/store.go:169.3,170.25 2 0
github.com/lightningnetwork/lnd/macaroons/store.go:170.25,172.4 1 0
github.com/lightningnetwork/lnd/macaroons/store.go:176.3,178.17 3 0
github.com/lightningnetwork/lnd/macaroons/store.go:178.17,180.4 1 0
github.com/lightningnetwork/lnd/macaroons/store.go:181.3,182.17 2 0
github.com/lightningnetwork/lnd/macaroons/store.go:182.17,184.4 1 0
github.com/lightningnetwork/lnd/macaroons/store.go:187.3,190.17 2 0
github.com/lightningnetwork/lnd/macaroons/store.go:190.17,192.4 1 0
github.com/lightningnetwork/lnd/macaroons/store.go:197.3,198.48 2 0
github.com/lightningnetwork/lnd/macaroons/store.go:198.48,201.39 1 0
github.com/lightningnetwork/lnd/macaroons/store.go:201.39,203.5 1 0
github.com/lightningnetwork/lnd/macaroons/store.go:205.4,205.40 1 0
github.com/lightningnetwork/lnd/macaroons/store.go:205.40,207.5 1 0
github.com/lightningnetwork/lnd/macaroons/store.go:212.4,213.18 2 0
github.com/lightningnetwork/lnd/macaroons/store.go:213.18,215.5 1 0
github.com/lightningnetwork/lnd/macaroons/store.go:217.4,218.18 2 0
github.com/lightningnetwork/lnd/macaroons/store.go:218.18,220.5 1 0
github.com/lightningnetwork/lnd/macaroons/store.go:222.4,222.38 1 0
github.com/lightningnetwork/lnd/macaroons/store.go:224.3,224.17 1 0
github.com/lightningnetwork/lnd/macaroons/store.go:224.17,226.4 1 0
github.com/lightningnetwork/lnd/macaroons/store.go:228.3,228.27 1 0
github.com/lightningnetwork/lnd/macaroons/store.go:228.27,230.4 1 0
github.com/lightningnetwork/lnd/macaroons/store.go:234.3,235.17 2 0
github.com/lightningnetwork/lnd/macaroons/store.go:235.17,237.4 1 0
github.com/lightningnetwork/lnd/macaroons/store.go:239.3,240.13 2 0
github.com/lightningnetwork/lnd/macaroons/store.go:241.13,241.14 0 0
github.com/lightningnetwork/lnd/macaroons/store.go:245.76,249.21 3 0
github.com/lightningnetwork/lnd/macaroons/store.go:249.21,251.3 1 0
github.com/lightningnetwork/lnd/macaroons/store.go:252.2,253.54 2 0
github.com/lightningnetwork/lnd/macaroons/store.go:253.54,255.20 2 0
github.com/lightningnetwork/lnd/macaroons/store.go:255.20,257.4 1 0
github.com/lightningnetwork/lnd/macaroons/store.go:258.3,259.22 2 0
github.com/lightningnetwork/lnd/macaroons/store.go:259.22,262.4 1 0
github.com/lightningnetwork/lnd/macaroons/store.go:264.3,265.17 2 0
github.com/lightningnetwork/lnd/macaroons/store.go:265.17,267.4 1 0
github.com/lightningnetwork/lnd/macaroons/store.go:269.3,271.13 3 0
github.com/lightningnetwork/lnd/macaroons/store.go:272.12,274.3 1 0
github.com/lightningnetwork/lnd/macaroons/store.go:275.2,275.16 1 0
github.com/lightningnetwork/lnd/macaroons/store.go:275.16,277.3 1 0
github.com/lightningnetwork/lnd/macaroons/store.go:279.2,279.21 1 0
github.com/lightningnetwork/lnd/macaroons/store.go:284.79,288.21 3 0
github.com/lightningnetwork/lnd/macaroons/store.go:288.21,290.3 1 0
github.com/lightningnetwork/lnd/macaroons/store.go:291.2,296.16 3 0
github.com/lightningnetwork/lnd/macaroons/store.go:296.16,298.3 1 0
github.com/lightningnetwork/lnd/macaroons/store.go:300.2,300.38 1 0
github.com/lightningnetwork/lnd/macaroons/store.go:300.38,302.3 1 0
github.com/lightningnetwork/lnd/macaroons/store.go:304.2,304.56 1 0
github.com/lightningnetwork/lnd/macaroons/store.go:304.56,306.20 2 0
github.com/lightningnetwork/lnd/macaroons/store.go:306.20,308.4 1 0
github.com/lightningnetwork/lnd/macaroons/store.go:309.3,313.22 2 0
github.com/lightningnetwork/lnd/macaroons/store.go:313.22,315.18 2 0
github.com/lightningnetwork/lnd/macaroons/store.go:315.18,317.5 1 0
github.com/lightningnetwork/lnd/macaroons/store.go:319.4,321.14 3 0
github.com/lightningnetwork/lnd/macaroons/store.go:326.3,328.13 3 0
github.com/lightningnetwork/lnd/macaroons/store.go:329.12,331.3 1 0
github.com/lightningnetwork/lnd/macaroons/store.go:332.2,332.16 1 0
github.com/lightningnetwork/lnd/macaroons/store.go:332.16,334.3 1 0
github.com/lightningnetwork/lnd/macaroons/store.go:336.2,336.25 1 0
github.com/lightningnetwork/lnd/macaroons/store.go:341.53,344.21 1 0
github.com/lightningnetwork/lnd/macaroons/store.go:344.21,346.3 1 0
github.com/lightningnetwork/lnd/macaroons/store.go:347.2,347.57 1 0
github.com/lightningnetwork/lnd/macaroons/store.go:347.57,349.20 2 0
github.com/lightningnetwork/lnd/macaroons/store.go:349.20,351.4 1 0
github.com/lightningnetwork/lnd/macaroons/store.go:356.3,359.17 2 0
github.com/lightningnetwork/lnd/macaroons/store.go:359.17,361.4 1 0
github.com/lightningnetwork/lnd/macaroons/store.go:365.3,365.49 1 0
github.com/lightningnetwork/lnd/macaroons/store.go:365.49,366.39 1 0
github.com/lightningnetwork/lnd/macaroons/store.go:366.39,368.5 1 0
github.com/lightningnetwork/lnd/macaroons/store.go:370.4,370.40 1 0
github.com/lightningnetwork/lnd/macaroons/store.go:370.40,372.5 1 0
github.com/lightningnetwork/lnd/macaroons/store.go:374.4,378.14 2 0
github.com/lightningnetwork/lnd/macaroons/store.go:380.13,380.14 0 0
github.com/lightningnetwork/lnd/macaroons/store.go:385.59,386.21 1 0
github.com/lightningnetwork/lnd/macaroons/store.go:386.21,388.3 1 0
github.com/lightningnetwork/lnd/macaroons/store.go:389.2,389.32 1 0
github.com/lightningnetwork/lnd/macaroons/store.go:389.32,392.3 1 0
github.com/lightningnetwork/lnd/macaroons/store.go:394.2,395.16 2 0
github.com/lightningnetwork/lnd/macaroons/store.go:395.16,397.3 1 0
github.com/lightningnetwork/lnd/macaroons/store.go:399.2,399.57 1 0
github.com/lightningnetwork/lnd/macaroons/store.go:399.57,401.20 2 0
github.com/lightningnetwork/lnd/macaroons/store.go:401.20,403.4 1 0
github.com/lightningnetwork/lnd/macaroons/store.go:405.3,405.52 1 0
github.com/lightningnetwork/lnd/macaroons/store.go:406.13,406.14 0 0
github.com/lightningnetwork/lnd/macaroons/store.go:411.40,415.21 3 0
github.com/lightningnetwork/lnd/macaroons/store.go:415.21,418.3 2 0
github.com/lightningnetwork/lnd/macaroons/store.go:425.2,425.12 1 0
github.com/lightningnetwork/lnd/macaroons/store.go:432.40,435.61 2 0
github.com/lightningnetwork/lnd/macaroons/store.go:435.61,437.3 1 0
github.com/lightningnetwork/lnd/macaroons/store.go:439.2,440.16 2 0
github.com/lightningnetwork/lnd/macaroons/store.go:440.16,442.3 1 0
github.com/lightningnetwork/lnd/macaroons/store.go:443.2,443.46 1 0
github.com/lightningnetwork/lnd/macaroons/store.go:448.79,453.21 3 0
github.com/lightningnetwork/lnd/macaroons/store.go:453.21,455.3 1 0
github.com/lightningnetwork/lnd/macaroons/store.go:457.2,461.54 2 0
github.com/lightningnetwork/lnd/macaroons/store.go:461.54,464.44 1 0
github.com/lightningnetwork/lnd/macaroons/store.go:464.44,466.40 1 0
github.com/lightningnetwork/lnd/macaroons/store.go:466.40,468.5 1 0
github.com/lightningnetwork/lnd/macaroons/store.go:469.4,469.14 1 0
github.com/lightningnetwork/lnd/macaroons/store.go:472.3,472.65 1 0
github.com/lightningnetwork/lnd/macaroons/store.go:473.12,475.3 1 0
github.com/lightningnetwork/lnd/macaroons/store.go:476.2,476.16 1 0
github.com/lightningnetwork/lnd/macaroons/store.go:476.16,478.3 1 0
github.com/lightningnetwork/lnd/macaroons/store.go:480.2,480.26 1 0
github.com/lightningnetwork/lnd/macaroons/store.go:486.55,492.21 3 0
github.com/lightningnetwork/lnd/macaroons/store.go:492.21,494.3 1 0
github.com/lightningnetwork/lnd/macaroons/store.go:497.2,497.25 1 0
github.com/lightningnetwork/lnd/macaroons/store.go:497.25,499.3 1 0
github.com/lightningnetwork/lnd/macaroons/store.go:502.2,503.44 1 0
github.com/lightningnetwork/lnd/macaroons/store.go:503.44,506.3 1 0
github.com/lightningnetwork/lnd/macaroons/store.go:508.2,509.57 2 0
github.com/lightningnetwork/lnd/macaroons/store.go:509.57,513.35 2 0
github.com/lightningnetwork/lnd/macaroons/store.go:513.35,515.4 1 0
github.com/lightningnetwork/lnd/macaroons/store.go:518.3,518.50 1 0
github.com/lightningnetwork/lnd/macaroons/store.go:518.50,520.4 1 0
github.com/lightningnetwork/lnd/macaroons/store.go:521.3,523.13 2 0
github.com/lightningnetwork/lnd/macaroons/store.go:524.12,526.3 1 0
github.com/lightningnetwork/lnd/macaroons/store.go:527.2,527.16 1 0
github.com/lightningnetwork/lnd/macaroons/store.go:527.16,529.3 1 0
github.com/lightningnetwork/lnd/macaroons/store.go:531.2,531.30 1 0
